SF:lib\goldenrod.dart
DA:18,1
DA:22,1
DA:23,3
DA:37,1
DA:41,1
DA:42,1
DA:43,1
DA:44,1
DA:45,2
DA:46,2
DA:50,2
DA:51,1
DA:53,1
DA:54,2
DA:69,1
DA:73,1
DA:74,1
DA:75,1
DA:76,3
DA:77,1
DA:79,2
DA:81,2
DA:82,1
DA:83,1
DA:85,1
DA:88,0
DA:96,1
DA:98,1
DA:101,1
DA:103,3
DA:110,0
DA:112,0
DA:115,0
DA:117,0
DA:126,1
DA:128,1
DA:130,1
DA:131,2
DA:133,0
DA:137,1
DA:139,2
DA:140,1
DA:141,0
DA:143,4
DA:153,1
DA:159,1
DA:161,1
DA:162,0
DA:164,3
DA:167,1
DA:168,3
DA:169,3
DA:170,2
DA:172,4
DA:173,5
DA:176,1
DA:178,0
DA:180,2
DA:181,2
DA:182,3
DA:185,2
DA:191,0
DA:193,0
DA:194,0
DA:195,0
DA:197,0
LF:66
LH:52
end_of_record
SF:lib\src\internal.dart
DA:2,3
DA:4,1
DA:5,2
DA:6,1
DA:7,1
LF:5
LH:5
end_of_record
